[2022-10-07 21:28:56,775] [logger.main.0] [INFO]: 'Start Training'
[2022-10-07 21:29:03,138] [logger.main.0] [INFO]: 'Epoch 1 / 5
-------------------------------'
[2022-10-07 21:29:03,160] [logger.train.0] [INFO]: 'GPU0 loss: 2.341730  [   64/60000]'
[2022-10-07 21:29:03,484] [logger.train.0] [INFO]: 'GPU0 loss: 2.331110  [ 6464/60000]'
[2022-10-07 21:29:03,813] [logger.train.0] [INFO]: 'GPU0 loss: 2.314949  [12864/60000]'
[2022-10-07 21:29:04,145] [logger.train.0] [INFO]: 'GPU0 loss: 2.276915  [19264/60000]'
[2022-10-07 21:29:04,468] [logger.train.0] [INFO]: 'GPU0 loss: 2.272480  [25664/60000]'
[2022-10-07 21:29:04,795] [logger.train.0] [INFO]: 'GPU0 loss: 2.255008  [32064/60000]'
[2022-10-07 21:29:05,129] [logger.train.0] [INFO]: 'GPU0 loss: 2.199431  [38464/60000]'
[2022-10-07 21:29:05,455] [logger.train.0] [INFO]: 'GPU0 loss: 2.160147  [44864/60000]'
[2022-10-07 21:29:05,788] [logger.train.0] [INFO]: 'GPU0 loss: 2.169907  [51264/60000]'
[2022-10-07 21:29:06,121] [logger.train.0] [INFO]: 'GPU0 loss: 2.119968  [57664/60000]'
[2022-10-07 21:29:07,087] [logger.test.0] [INFO]: 'Test Error: Accuracy: 50.5%, Avg loss: 2.162353'
[2022-10-07 21:29:07,087] [logger.main.0] [INFO]: 'Epoch 2 / 5
-------------------------------'
[2022-10-07 21:29:07,101] [logger.train.0] [INFO]: 'GPU0 loss: 2.173012  [   64/60000]'
[2022-10-07 21:29:07,440] [logger.train.0] [INFO]: 'GPU0 loss: 2.180399  [ 6464/60000]'
[2022-10-07 21:29:07,776] [logger.train.0] [INFO]: 'GPU0 loss: 2.214638  [12864/60000]'
[2022-10-07 21:29:08,117] [logger.train.0] [INFO]: 'GPU0 loss: 2.105132  [19264/60000]'
[2022-10-07 21:29:08,447] [logger.train.0] [INFO]: 'GPU0 loss: 2.126727  [25664/60000]'
[2022-10-07 21:29:08,773] [logger.train.0] [INFO]: 'GPU0 loss: 2.090914  [32064/60000]'
[2022-10-07 21:29:09,107] [logger.train.0] [INFO]: 'GPU0 loss: 1.996073  [38464/60000]'
[2022-10-07 21:29:09,439] [logger.train.0] [INFO]: 'GPU0 loss: 1.873280  [44864/60000]'
[2022-10-07 21:29:09,772] [logger.train.0] [INFO]: 'GPU0 loss: 1.933973  [51264/60000]'
[2022-10-07 21:29:10,102] [logger.train.0] [INFO]: 'GPU0 loss: 1.821782  [57664/60000]'
[2022-10-07 21:29:11,078] [logger.test.0] [INFO]: 'Test Error: Accuracy: 59.1%, Avg loss: 1.899038'
[2022-10-07 21:29:11,079] [logger.main.0] [INFO]: 'Epoch 3 / 5
-------------------------------'
[2022-10-07 21:29:11,091] [logger.train.0] [INFO]: 'GPU0 loss: 1.950043  [   64/60000]'
[2022-10-07 21:29:11,410] [logger.train.0] [INFO]: 'GPU0 loss: 1.953360  [ 6464/60000]'
[2022-10-07 21:29:11,734] [logger.train.0] [INFO]: 'GPU0 loss: 1.984600  [12864/60000]'
[2022-10-07 21:29:12,060] [logger.train.0] [INFO]: 'GPU0 loss: 1.818108  [19264/60000]'
[2022-10-07 21:29:12,384] [logger.train.0] [INFO]: 'GPU0 loss: 1.855669  [25664/60000]'
[2022-10-07 21:29:12,710] [logger.train.0] [INFO]: 'GPU0 loss: 1.789947  [32064/60000]'
[2022-10-07 21:29:13,042] [logger.train.0] [INFO]: 'GPU0 loss: 1.718560  [38464/60000]'
[2022-10-07 21:29:13,369] [logger.train.0] [INFO]: 'GPU0 loss: 1.452358  [44864/60000]'
[2022-10-07 21:29:13,705] [logger.train.0] [INFO]: 'GPU0 loss: 1.594604  [51264/60000]'
[2022-10-07 21:29:14,044] [logger.train.0] [INFO]: 'GPU0 loss: 1.394901  [57664/60000]'
[2022-10-07 21:29:15,019] [logger.test.0] [INFO]: 'Test Error: Accuracy: 62.0%, Avg loss: 1.524325'
[2022-10-07 21:29:15,019] [logger.main.0] [INFO]: 'Epoch 4 / 5
-------------------------------'
[2022-10-07 21:29:15,027] [logger.train.0] [INFO]: 'GPU0 loss: 1.679963  [   64/60000]'
[2022-10-07 21:29:15,343] [logger.train.0] [INFO]: 'GPU0 loss: 1.650672  [ 6464/60000]'
[2022-10-07 21:29:15,668] [logger.train.0] [INFO]: 'GPU0 loss: 1.654895  [12864/60000]'
[2022-10-07 21:29:15,995] [logger.train.0] [INFO]: 'GPU0 loss: 1.522050  [19264/60000]'
[2022-10-07 21:29:16,304] [logger.train.0] [INFO]: 'GPU0 loss: 1.574677  [25664/60000]'
[2022-10-07 21:29:16,640] [logger.train.0] [INFO]: 'GPU0 loss: 1.459298  [32064/60000]'
[2022-10-07 21:29:16,973] [logger.train.0] [INFO]: 'GPU0 loss: 1.490260  [38464/60000]'
[2022-10-07 21:29:17,307] [logger.train.0] [INFO]: 'GPU0 loss: 1.139723  [44864/60000]'
[2022-10-07 21:29:17,636] [logger.train.0] [INFO]: 'GPU0 loss: 1.376382  [51264/60000]'
[2022-10-07 21:29:17,968] [logger.train.0] [INFO]: 'GPU0 loss: 1.080693  [57664/60000]'
[2022-10-07 21:29:18,938] [logger.test.0] [INFO]: 'Test Error: Accuracy: 64.0%, Avg loss: 1.247047'
[2022-10-07 21:29:18,938] [logger.main.0] [INFO]: 'Epoch 5 / 5
-------------------------------'
[2022-10-07 21:29:18,946] [logger.train.0] [INFO]: 'GPU0 loss: 1.477830  [   64/60000]'
[2022-10-07 21:29:19,260] [logger.train.0] [INFO]: 'GPU0 loss: 1.414371  [ 6464/60000]'
[2022-10-07 21:29:19,576] [logger.train.0] [INFO]: 'GPU0 loss: 1.419137  [12864/60000]'
[2022-10-07 21:29:19,902] [logger.train.0] [INFO]: 'GPU0 loss: 1.330265  [19264/60000]'
[2022-10-07 21:29:20,218] [logger.train.0] [INFO]: 'GPU0 loss: 1.390143  [25664/60000]'
[2022-10-07 21:29:20,538] [logger.train.0] [INFO]: 'GPU0 loss: 1.242311  [32064/60000]'
[2022-10-07 21:29:20,860] [logger.train.0] [INFO]: 'GPU0 loss: 1.357875  [38464/60000]'
[2022-10-07 21:29:21,185] [logger.train.0] [INFO]: 'GPU0 loss: 0.958930  [44864/60000]'
[2022-10-07 21:29:21,517] [logger.train.0] [INFO]: 'GPU0 loss: 1.284853  [51264/60000]'
[2022-10-07 21:29:21,847] [logger.train.0] [INFO]: 'GPU0 loss: 0.886039  [57664/60000]'
[2022-10-07 21:29:22,821] [logger.test.0] [INFO]: 'Test Error: Accuracy: 65.1%, Avg loss: 1.076593'
[2022-10-07 21:29:22,821] [logger.main.0] [INFO]: 'Done'
